<?xml version="1.0" encoding="UTF-8"?>
<testsuite name="demo.ApplicationTests" tests="1" skipped="0" failures="0" errors="0" timestamp="2024-07-16T21:15:11" hostname="LAPTOP-8J7N3E11" time="0.004">
  <properties/>
  <testcase name="contextLoads()" classname="demo.ApplicationTests" time="0.004"/>
  <system-out><![CDATA[2024-07-17T00:15:11.153+03:00  INFO 12080 --- [2024b.Tal.Mizrahi] [    Test worker] t.c.s.AnnotationConfigContextLoaderUtils : Could not detect default configuration classes for test class [demo.ApplicationTests]: ApplicationTests does not declare any static, non-private, non-final, nested classes annotated with @Configuration.
2024-07-17T00:15:11.155+03:00  INFO 12080 --- [2024b.Tal.Mizrahi] [    Test worker] .b.t.c.SpringBootTestContextBootstrapper : Found @SpringBootConfiguration demo.Application for test class demo.ApplicationTests
]]></system-out>
  <system-err><![CDATA[]]></system-err>
</testsuite>
